<?xml version="1.0" encoding="UTF-8"?>
<!-- Generated by org.testng.reporters.JUnitReportReporter -->
<testsuite hostname="DESKTOP-0NRJC3U" failures="0" tests="4" name="api.test.Test_user_001" time="10.591" errors="0" timestamp="2023-07-27T00:34:01 IST" skipped="0">
  <testcase classname="api.test.Test_user_001" name="test_user_create_001" time="6.513"/>
  <testcase classname="api.test.Test_user_001" name="test_user_get_001" time="1.817"/>
  <testcase classname="api.test.Test_user_001" name="test_user_update_001" time="1.175"/>
  <testcase classname="api.test.Test_user_001" name="test_user_delete_001" time="1.086"/>
</testsuite> <!-- api.test.Test_user_001 -->
