<?xml version="1.0" encoding="UTF-8"?>
<!-- Generated by org.testng.reporters.JUnitReportReporter -->
<testsuite hostname="DESKTOP-0NRJC3U" failures="0" tests="3" name="Examples.Authentications" time="9.810" errors="0" timestamp="2023-07-04T13:19:04 IST" skipped="0">
  <testcase classname="Examples.Authentications" name="basicAuth" time="6.947"/>
  <testcase classname="Examples.Authentications" name="digestAuth" time="1.689"/>
  <testcase classname="Examples.Authentications" name="preemptiveAuth" time="1.174"/>
</testsuite> <!-- Examples.Authentications -->
