<?xml version="1.0" encoding="UTF-8"?>
<!-- Generated by org.testng.reporters.JUnitReportReporter -->
<testsuite hostname="DESKTOP-0NRJC3U" failures="0" tests="4" name="Examples.HTTPReqs" time="8.832" errors="0" timestamp="2023-07-20T18:15:27 IST" skipped="0">
  <testcase classname="Examples.HTTPReqs" name="create_user" time="5.444"/>
  <testcase classname="Examples.HTTPReqs" name="get_user" time="0.934"/>
  <testcase classname="Examples.HTTPReqs" name="update_user" time="1.242"/>
  <testcase classname="Examples.HTTPReqs" name="delete" time="1.212"/>
</testsuite> <!-- Examples.HTTPReqs -->
