<?xml version="1.0" encoding="UTF-8"?>
<!-- Generated by org.testng.reporters.JUnitReportReporter -->
<testsuite hostname="DESKTOP-0NRJC3U" failures="0" tests="1" name="Examples.DiffCreateBody" time="5.853" errors="0" timestamp="2023-07-04T00:04:35 IST" skipped="0">
  <testcase classname="Examples.DiffCreateBody" name="use_HashMap" time="5.853"/>
</testsuite> <!-- Examples.DiffCreateBody -->
