<?xml version="1.0" encoding="UTF-8"?>
<!-- Generated by org.testng.reporters.JUnitReportReporter -->
<testsuite hostname="DESKTOP-0NRJC3U" failures="0" tests="1" name="Examples.PathAndQueryParam" time="3.058" errors="0" timestamp="2023-07-20T23:02:39 IST" skipped="0">
  <testcase classname="Examples.PathAndQueryParam" name="getResp" time="3.058"/>
</testsuite> <!-- Examples.PathAndQueryParam -->
