<?xml version="1.0" encoding="UTF-8"?>
<!-- Generated by org.testng.reporters.JUnitReportReporter -->
<testsuite hostname="DESKTOP-0NRJC3U" failures="0" tests="6" name="api.test.Test_user_DD" time="10.413" errors="0" timestamp="2023-07-26T23:47:34 IST" skipped="0">
  <testcase classname="api.test.Test_user_DD" name="test_user_create" time="4.706"/>
  <testcase classname="api.test.Test_user_DD" name="test_user_create" time="1.145"/>
  <testcase classname="api.test.Test_user_DD" name="test_user_create" time="1.123"/>
  <testcase classname="api.test.Test_user_DD" name="teset_user_delete" time="1.118"/>
  <testcase classname="api.test.Test_user_DD" name="teset_user_delete" time="1.173"/>
  <testcase classname="api.test.Test_user_DD" name="teset_user_delete" time="1.148"/>
</testsuite> <!-- api.test.Test_user_DD -->
