<?xml version="1.0" encoding="UTF-8"?>
<!-- Generated by org.testng.reporters.JUnitReportReporter -->
<testsuite hostname="DESKTOP-0NRJC3U" failures="0" tests="3" name="api.test.DataDrivenTest" time="6.949" errors="0" timestamp="2023-07-21T22:33:26 IST" skipped="0">
  <testcase classname="api.test.DataDrivenTest" name="test_user_create" time="4.659"/>
  <testcase classname="api.test.DataDrivenTest" name="test_user_create" time="1.177"/>
  <testcase classname="api.test.DataDrivenTest" name="test_user_create" time="1.113"/>
</testsuite> <!-- api.test.DataDrivenTest -->
