<?xml version="1.0" encoding="UTF-8"?>
<!-- Generated by org.testng.reporters.JUnitReportReporter -->
<testsuite hostname="DESKTOP-0NRJC3U" failures="0" tests="4" name="api.test.Test_user_001" time="19.064" errors="0" timestamp="2023-07-31T13:57:02 IST" skipped="0">
  <testcase classname="api.test.Test_user_001" name="test_user_create_001" time="4.644"/>
  <testcase classname="api.test.Test_user_001" name="test_user_get_001" time="5.176"/>
  <testcase classname="api.test.Test_user_001" name="test_user_update_001" time="4.645"/>
  <testcase classname="api.test.Test_user_001" name="test_user_delete_001" time="4.599"/>
</testsuite> <!-- api.test.Test_user_001 -->
